<?xml version="1.0" encoding="UTF-8"?>
<testng-results skipped="0" failed="1" total="1" passed="0">
  <reporter-output>
    <line>
      <![CDATA[<table border='1'><tr>]]>
    </line>
    <line>
      <![CDATA[<tr><th>MODULE</th><th>TIME</th><th>MODULE</th><th>TIME</th><th>TOTAL TIME</th></tr>]]>
    </line>
    <line>
      <![CDATA[<tr><td> Start - setBrowser<td>1400633246552</td> </td>]]>
    </line>
    <line>
      <![CDATA[<td> end- setBrowser<td>1400633249017 </td></td>]]>
    </line>
    <line>
      <![CDATA[<td>Total Time 2 </td></tr>]]>
    </line>
  </reporter-output>
  <suite name="Default suite" duration-ms="14545" started-at="2014-05-21T00:47:26Z" finished-at="2014-05-21T00:47:41Z">
    <groups>
    </groups>
    <test name="Default test" duration-ms="14545" started-at="2014-05-21T00:47:26Z" finished-at="2014-05-21T00:47:41Z">
      <class name="community.CommunityTest">
        <test-method status="PASS" signature="oneTimeSetUp()[pri:0, instance:community.CommunityTest@22a71081]" name="oneTimeSetUp" is-config="true" duration-ms="15" started-at="2014-05-20T17:47:26Z" finished-at="2014-05-20T17:47:26Z">
          <reporter-output>
          </reporter-output>
        </test-method> <!-- oneTimeSetUp -->
        <test-method status="FAIL" signature="test()[pri:0, instance:community.CommunityTest@22a71081]" name="test" duration-ms="14511" started-at="2014-05-20T17:47:26Z" finished-at="2014-05-20T17:47:41Z">
          <exception class="org.openqa.selenium.ElementNotVisibleException">
            <message>
              <![CDATA[Element is not currently visible and so may not be interacted with
Command duration or timeout: 11 milliseconds
Build info: version: '2.41.0', revision: '3192d8a', time: '2014-03-27 17:18:15'
System info: host: 'Murtala-Adamous-MacBook-Air.local', ip: '172.16.49.42', os.name: 'Mac OS X', os.arch: 'x86_64', os.version: '10.9.2', java.version: '1.8.0_05'
Driver info: org.openqa.selenium.firefox.FirefoxDriver
Capabilities [{applicationCacheEnabled=true, rotatable=false, handlesAlerts=true, databaseEnabled=true, version=29.0.1, platform=MAC, browserConnectionEnabled=true, nativeEvents=false, acceptSslCerts=true, webStorageEnabled=true, locationContextEnabled=true, browserName=firefox, takesScreenshot=true, javascriptEnabled=true, cssSelectorsEnabled=true}]
Session ID: d13e9bbc-f94a-aa40-b6d1-7ea378f1531e]]>
            </message>
            <full-stacktrace>
              <![CDATA[org.openqa.selenium.ElementNotVisibleException: Element is not currently visible and so may not be interacted with
Command duration or timeout: 11 milliseconds
Build info: version: '2.41.0', revision: '3192d8a', time: '2014-03-27 17:18:15'
System info: host: 'Murtala-Adamous-MacBook-Air.local', ip: '172.16.49.42', os.name: 'Mac OS X', os.arch: 'x86_64', os.version: '10.9.2', java.version: '1.8.0_05'
Driver info: org.openqa.selenium.firefox.FirefoxDriver
Capabilities [{applicationCacheEnabled=true, rotatable=false, handlesAlerts=true, databaseEnabled=true, version=29.0.1, platform=MAC, browserConnectionEnabled=true, nativeEvents=false, acceptSslCerts=true, webStorageEnabled=true, locationContextEnabled=true, browserName=firefox, takesScreenshot=true, javascriptEnabled=true, cssSelectorsEnabled=true}]
Session ID: d13e9bbc-f94a-aa40-b6d1-7ea378f1531e
	at sun.reflect.NativeConstructorAccessorImpl.newInstance0(Native Method)
	at sun.reflect.NativeConstructorAccessorImpl.newInstance(NativeConstructorAccessorImpl.java:62)
	at sun.reflect.DelegatingConstructorAccessorImpl.newInstance(DelegatingConstructorAccessorImpl.java:45)
	at java.lang.reflect.Constructor.newInstance(Constructor.java:408)
	at org.openqa.selenium.remote.ErrorHandler.createThrowable(ErrorHandler.java:193)
	at org.openqa.selenium.remote.ErrorHandler.throwIfResponseFailed(ErrorHandler.java:145)
	at org.openqa.selenium.remote.RemoteWebDriver.execute(RemoteWebDriver.java:595)
	at org.openqa.selenium.remote.RemoteWebElement.execute(RemoteWebElement.java:268)
	at org.openqa.selenium.remote.RemoteWebElement.click(RemoteWebElement.java:79)
	at utils.Randomizer.randomClick(Randomizer.java:29)
	at community.home.Home.playFeaturedVideos(Home.java:34)
	at community.CommunityTest.test(CommunityTest.java:118)
	at sun.reflect.NativeMethodAccessorImpl.invoke0(Native Method)
	at sun.reflect.NativeMethodAccessorImpl.invoke(NativeMethodAccessorImpl.java:62)
	at sun.reflect.DelegatingMethodAccessorImpl.invoke(DelegatingMethodAccessorImpl.java:43)
	at java.lang.reflect.Method.invoke(Method.java:483)
	at org.testng.internal.MethodInvocationHelper.invokeMethod(MethodInvocationHelper.java:84)
	at org.testng.internal.Invoker.invokeMethod(Invoker.java:714)
	at org.testng.internal.Invoker.invokeTestMethod(Invoker.java:901)
	at org.testng.internal.Invoker.invokeTestMethods(Invoker.java:1231)
	at org.testng.internal.TestMethodWorker.invokeTestMethods(TestMethodWorker.java:127)
	at org.testng.internal.TestMethodWorker.run(TestMethodWorker.java:111)
	at org.testng.TestRunner.privateRun(TestRunner.java:767)
	at org.testng.TestRunner.run(TestRunner.java:617)
	at org.testng.SuiteRunner.runTest(SuiteRunner.java:334)
	at org.testng.SuiteRunner.runSequentially(SuiteRunner.java:329)
	at org.testng.SuiteRunner.privateRun(SuiteRunner.java:291)
	at org.testng.SuiteRunner.run(SuiteRunner.java:240)
	at org.testng.SuiteRunnerWorker.runSuite(SuiteRunnerWorker.java:52)
	at org.testng.SuiteRunnerWorker.run(SuiteRunnerWorker.java:86)
	at org.testng.TestNG.runSuitesSequentially(TestNG.java:1224)
	at org.testng.TestNG.runSuitesLocally(TestNG.java:1149)
	at org.testng.TestNG.run(TestNG.java:1057)
	at org.testng.remote.RemoteTestNG.run(RemoteTestNG.java:111)
	at org.testng.remote.RemoteTestNG.initAndRun(RemoteTestNG.java:204)
	at org.testng.remote.RemoteTestNG.main(RemoteTestNG.java:175)
Caused by: org.openqa.selenium.remote.ErrorHandler$UnknownServerException: Element is not currently visible and so may not be interacted with
Build info: version: '2.41.0', revision: '3192d8a', time: '2014-03-27 17:18:15'
System info: host: 'Murtala-Adamous-MacBook-Air.local', ip: '172.16.49.42', os.name: 'Mac OS X', os.arch: 'x86_64', os.version: '10.9.2', java.version: '1.8.0_05'
Driver info: driver.version: unknown
	at <anonymous class>.fxdriver.preconditions.visible(file:///var/folders/8y/2mwmmx0x4575276y86hfxn3c0000gp/T/anonymous2051674613080532830webdriver-profile/extensions/fxdriver@googlecode.com/components/command_processor.js:8225)
	at <anonymous class>.DelayedCommand.prototype.checkPreconditions_(file:///var/folders/8y/2mwmmx0x4575276y86hfxn3c0000gp/T/anonymous2051674613080532830webdriver-profile/extensions/fxdriver@googlecode.com/components/command_processor.js:10867)
	at <anonymous class>.DelayedCommand.prototype.executeInternal_/h(file:///var/folders/8y/2mwmmx0x4575276y86hfxn3c0000gp/T/anonymous2051674613080532830webdriver-profile/extensions/fxdriver@googlecode.com/components/command_processor.js:10884)
	at <anonymous class>.DelayedCommand.prototype.executeInternal_(file:///var/folders/8y/2mwmmx0x4575276y86hfxn3c0000gp/T/anonymous2051674613080532830webdriver-profile/extensions/fxdriver@googlecode.com/components/command_processor.js:10889)
	at <anonymous class>.DelayedCommand.prototype.execute/<(file:///var/folders/8y/2mwmmx0x4575276y86hfxn3c0000gp/T/anonymous2051674613080532830webdriver-profile/extensions/fxdriver@googlecode.com/components/command_processor.js:10831)
]]>
            </full-stacktrace>
          </exception> <!-- org.openqa.selenium.ElementNotVisibleException -->
          <reporter-output>
            <line>
              <![CDATA[<table border='1'><tr>]]>
            </line>
            <line>
              <![CDATA[<tr><th>MODULE</th><th>TIME</th><th>MODULE</th><th>TIME</th><th>TOTAL TIME</th></tr>]]>
            </line>
            <line>
              <![CDATA[<tr><td> Start - setBrowser<td>1400633246552</td> </td>]]>
            </line>
            <line>
              <![CDATA[<td> end- setBrowser<td>1400633249017 </td></td>]]>
            </line>
            <line>
              <![CDATA[<td>Total Time 2 </td></tr>]]>
            </line>
          </reporter-output>
        </test-method> <!-- test -->
        <test-method status="PASS" signature="oneTimeTearDown()[pri:0, instance:community.CommunityTest@22a71081]" name="oneTimeTearDown" is-config="true" duration-ms="0" started-at="2014-05-20T17:47:41Z" finished-at="2014-05-20T17:47:41Z">
          <reporter-output>
          </reporter-output>
        </test-method> <!-- oneTimeTearDown -->
      </class> <!-- community.CommunityTest -->
    </test> <!-- Default test -->
  </suite> <!-- Default suite -->
</testng-results>
